<?xml version="1.0" encoding="UTF-8"?>
<!-- Generated by org.testng.reporters.JUnitReportReporter -->
<testsuite skipped="0" hostname="LNAR-PF123C1R" name="automationFramework.dice.com.SecondTest" tests="1" failures="0" timestamp="11 Jul 2018 18:19:26 GMT" time="10.352" errors="0">
  <testcase name="secondTestMethod" time="10.352" classname="automationFramework.dice.com.SecondTest"/>
</testsuite> <!-- automationFramework.dice.com.SecondTest -->
