<?xml version="1.0" encoding="UTF-8"?>
<!-- Generated by org.testng.reporters.JUnitReportReporter -->
<testsuite skipped="1" hostname="LNAR-PF123C1R" name="automationFramework.dice.com.LoginTest" tests="1" failures="0" timestamp="11 Jul 2018 18:19:26 GMT" time="0.000" errors="0">
  <testcase name="positiveLoginTest" time="0.000" classname="automationFramework.dice.com.LoginTest">
    <skipped/>
  </testcase> <!-- positiveLoginTest -->
</testsuite> <!-- automationFramework.dice.com.LoginTest -->
