<?xml version="1.0" encoding="UTF-8"?>
<!-- Generated by org.testng.reporters.JUnitReportReporter -->
<testsuite skipped="0" hostname="Saeid-PC" name="automationFramework.dice.com.LoginTest" tests="2" failures="0" timestamp="29 Jan 2018 18:26:14 GMT" time="40.363" errors="0">
  <testcase name="positiveLoginTest" time="18.992" classname="automationFramework.dice.com.LoginTest"/>
  <testcase name="positiveLoginTest" time="21.371" classname="automationFramework.dice.com.LoginTest"/>
</testsuite> <!-- automationFramework.dice.com.LoginTest -->
