<?xml version="1.0" encoding="UTF-8"?>
<!-- Generated by org.testng.reporters.JUnitReportReporter -->
<testsuite skipped="0" hostname="LNAR-PF123C1R" name="automationFramework.dice.com.FirstTest" tests="1" failures="0" timestamp="11 Jul 2018 18:19:26 GMT" time="14.362" errors="0">
  <testcase name="firstTestMethod" time="14.362" classname="automationFramework.dice.com.FirstTest"/>
</testsuite> <!-- automationFramework.dice.com.FirstTest -->
