<?xml version="1.0" encoding="UTF-8"?>
<!-- Generated by org.testng.reporters.JUnitReportReporter -->
<testsuite skipped="0" hostname="Saeid-PC" name="automationFramework.dice.com.FirstTest" tests="1" failures="0" timestamp="27 Jan 2018 23:33:45 GMT" time="32.694" errors="0">
  <testcase name="firstTestMethod" time="32.694" classname="automationFramework.dice.com.FirstTest"/>
</testsuite> <!-- automationFramework.dice.com.FirstTest -->
