<?xml version="1.0" encoding="UTF-8"?>
<!-- Generated by org.testng.reporters.JUnitReportReporter -->
<testsuite skipped="0" hostname="Saeid-PC" name="automationFramework.dice.com.HomePageTest" tests="2" failures="0" timestamp="31 Jan 2018 16:47:50 GMT" time="45.233" errors="0">
  <testcase name="searchHomePageTest" time="16.844" classname="automationFramework.dice.com.HomePageTest"/>
  <testcase name="contactUsTest" time="28.389" classname="automationFramework.dice.com.HomePageTest"/>
</testsuite> <!-- automationFramework.dice.com.HomePageTest -->
