<?xml version="1.0" encoding="UTF-8"?>
<!-- Generated by org.testng.reporters.JUnitReportReporter -->
<testsuite skipped="0" hostname="Saeid-PC" name="automationFramework.dice.com.SecondTest" tests="1" failures="0" timestamp="27 Jan 2018 23:33:45 GMT" time="5.206" errors="0">
  <testcase name="secondTestMethod" time="5.206" classname="automationFramework.dice.com.SecondTest"/>
</testsuite> <!-- automationFramework.dice.com.SecondTest -->
