<?xml version="1.0" encoding="UTF-8"?>
<!-- Generated by org.testng.reporters.JUnitReportReporter -->
<testsuite skipped="0" hostname="LNAR-PF123C1R" name="automationFramework.dice.com.HomePageTest" tests="2" failures="0" timestamp="11 Jul 2018 18:19:26 GMT" time="30.694" errors="0">
  <testcase name="contactUsTest" time="15.704" classname="automationFramework.dice.com.HomePageTest"/>
  <testcase name="searchHomePageTest" time="14.990" classname="automationFramework.dice.com.HomePageTest"/>
</testsuite> <!-- automationFramework.dice.com.HomePageTest -->
